[2013-05-27 16:15:04] Cannot Open Configure file
[2013-05-27 16:15:04] ../../\Data\Configure.xml
[2013-05-27 16:16:56] Cannot Open Configure file
[2013-05-27 16:16:56] ./Data/\Data\Configure.xml
[2013-05-27 16:18:23] Cannot Open Configure file
[2013-05-27 16:18:23] ../Data/\Data\Configure.xml
[2013-05-27 16:18:34] Cannot Open Configure file
[2013-05-27 16:18:34] ./Data/\Data\Configure.xml
[2013-05-27 16:18:40] Cannot Open Configure file
[2013-05-27 16:18:40] Data/\Data\Configure.xml
[2013-05-27 16:19:14] Cannot Open Configure file
[2013-05-27 16:19:14] ./data/\Data\Configure.xml
[2013-05-27 16:19:55] Cannot Open Configure file
[2013-05-27 16:19:55] D:/workspaces/NLP/ICTCLAS2013/Data/\Data\Configure.xml
[2013-05-27 16:20:02] Cannot Open Configure file
[2013-05-27 16:20:02] D:/workspaces/NLP/ICTCLAS2013/Data\Data\Configure.xml
[2013-05-27 16:20:34] Cannot Open Configure file
[2013-05-27 16:20:34] D:\workspaces\NLP\ICTCLAS2013\Data\Data\Configure.xml
[2013-05-27 16:20:41] Cannot Open Configure file
[2013-05-27 16:20:41] D:\workspaces\NLP\ICTCLAS2013\Data\\Data\Configure.xml
[2013-05-27 16:21:11] Cannot Open Configure file
[2013-05-27 16:21:11] D:\workspaces\NLP\ICTCLAS2013\Data\\Data\Configure.xml
[2013-05-27 16:21:29] Cannot Open Configure file
[2013-05-27 16:21:29] D:\workspaces\NLP\ICTCLAS2013\Data\\Data\Configure.xml
[2013-05-27 16:21:49] Cannot Open Configure file
[2013-05-27 16:21:49] ./Data/\Data\Configure.xml
[2013-05-27 16:21:59] Cannot Open Configure file
[2013-05-27 16:21:59] ../Data/\Data\Configure.xml
[2013-05-27 16:22:43] Cannot Open Configure file
[2013-05-27 16:22:43] ../Data/\Data\Configure.xml
[2013-05-27 16:26:01] Error read file
[2013-05-27 16:26:01] E:/NLPIR/test/test_result2.TXT
[2013-05-27 16:26:18] Error read file
[2013-05-27 16:26:18] E:/NLPIR/test/test_result2.TXT
[2013-05-27 16:26:51] Error read file
[2013-05-27 16:26:51] E:/NLPIR/test/test_result2.TXT
[2013-05-27 16:29:11] Error read file
[2013-05-27 16:29:11] E:/NLPIR/test/test_result2.TXT
[2013-05-27 16:29:32] Error read file
[2013-05-27 16:29:32] E:/NLPIR/test/test_result2.TXT
[2013-05-27 16:31:57] Error read file
[2013-05-27 16:31:57] E:/NLPIR/test/test_result2.TXT
[2013-05-27 16:34:39] Error read file
[2013-05-27 16:34:39] E:/NLPIR/test/test_result2.TXT
[2013-05-27 16:54:02] Error read file
[2013-05-27 16:54:02] E:/NLPIR/test/test_result2.TXT
[2013-05-27 16:57:35] Error read file
[2013-05-27 16:57:35] E:/NLPIR/test/test_result2.TXT
