#
# A fatal error has been detected by the Java Runtime Environment:
#
#  EXCEPTION_ACCESS_VIOLATION (0xc0000005) at pc=0x10005620, pid=3652, tid=6084
#
# JRE version: 6.0_16-b01
# Java VM: Java HotSpot(TM) Client VM (14.2-b01 mixed mode windows-x86 )
# Problematic frame:
# C  [NLPIR_JNI.dll+0x5620]
#
# If you would like to submit a bug report, please visit:
#   http://java.sun.com/webapps/bugreport/crash.jsp
# The crash happened outside the Java Virtual Machine in native code.
# See problematic frame for where to report the bug.
#

---------------  T H R E A D  ---------------

Current thread (0x01739c00):  JavaThread "main" [_thread_in_native, id=6084, stack(0x00340000,0x00390000)]

siginfo: ExceptionCode=0xc0000005, reading address 0x00000000

Registers:
EAX=0x00000000, EBX=0x00000000, ECX=0x00000003, EDX=0x00000001
ESP=0x0038fbd8, EBP=0x0038fbe8, ESI=0x01739d10, EDI=0x0c138878
EIP=0x10005620, EFLAGS=0x00010206

Top of Stack: (sp=0x0038fbd8)
0x0038fbd8:   01739c00 0793ab60 0793ab60 0c740448
0x0038fbe8:   0038fc30 0174e582 0bec1510 0038fc4c
0x0038fbf8:   0038fc48 00000032 00000000 0174e28d
0x0038fc08:   01739c00 0174e264 0038fc10 0793ab60
0x0038fc18:   0038fc4c 0793b158 00000000 0793ab60
0x0038fc28:   00000000 0038fc40 0038fc70 01742f87
0x0038fc38:   00000000 0174b7a6 00000001 00000032
0x0038fc48:   03780f58 0377ef78 0038fc50 07936c8e 

Instructions: (pc=0x10005620)
0x10005610:   e4 00 00 8b c3 83 c4 04 8d 50 01 eb 03 8d 49 00
0x10005620:   8a 08 40 84 c9 75 f9 2b c2 8b d8 85 db 7e 39 8b 


Stack: [0x00340000,0x00390000],  sp=0x0038fbd8,  free space=318k
Native frames: (J=compiled Java code, j=interpreted, Vv=VM code, C=native code)
C  [NLPIR_JNI.dll+0x5620]
j  kevin.zhang.NLPIR.NLPIR_GetFileNewWords([BIZ)[B+0
j  TestNLPIR.test(Ljava/lang/String;)V+110
j  TestNLPIR.main([Ljava/lang/String;)V+4
v  ~StubRoutines::call_stub
V  [jvm.dll+0xecf9c]
V  [jvm.dll+0x1741e1]
V  [jvm.dll+0xed01d]
V  [jvm.dll+0xf5be5]
V  [jvm.dll+0xfd83d]
C  [javaw.exe+0x2155]
C  [javaw.exe+0x833e]
C  [kernel32.dll+0x4ed6c]
C  [ntdll.dll+0x6377b]
C  [ntdll.dll+0x6374e]

Java frames: (J=compiled Java code, j=interpreted, Vv=VM code)
j  kevin.zhang.NLPIR.NLPIR_GetFileNewWords([BIZ)[B+0
j  TestNLPIR.test(Ljava/lang/String;)V+110
j  TestNLPIR.main([Ljava/lang/String;)V+4
v  ~StubRoutines::call_stub

---------------  P R O C E S S  ---------------

Java Threads: ( => current thread )
  0x01683400 JavaThread "Low Memory Detector" daemon [_thread_blocked, id=2732, stack(0x0bb20000,0x0bb70000)]
  0x0167f000 JavaThread "CompilerThread0" daemon [_thread_blocked, id=8096, stack(0x0bad0000,0x0bb20000)]
  0x01674400 JavaThread "JDWP Command Reader" daemon [_thread_in_native, id=7836, stack(0x0ba10000,0x0ba60000)]
  0x01673c00 JavaThread "JDWP Event Helper Thread" daemon [_thread_blocked, id=7500, stack(0x0b9c0000,0x0ba10000)]
  0x01670000 JavaThread "JDWP Transport Listener: dt_socket" daemon [_thread_blocked, id=9108, stack(0x0b970000,0x0b9c0000)]
  0x01664000 JavaThread "Attach Listener" daemon [_thread_blocked, id=3008, stack(0x0b8b0000,0x0b900000)]
  0x01635000 JavaThread "Signal Dispatcher" daemon [_thread_blocked, id=8124, stack(0x0b860000,0x0b8b0000)]
  0x0162b000 JavaThread "Finalizer" daemon [_thread_blocked, id=6360, stack(0x0b810000,0x0b860000)]
  0x01626800 JavaThread "Reference Handler" daemon [_thread_blocked, id=5848, stack(0x0b7c0000,0x0b810000)]
=>0x01739c00 JavaThread "main" [_thread_in_native, id=6084, stack(0x00340000,0x00390000)]

Other Threads:
  0x01622800 VMThread [stack: 0x0b770000,0x0b7c0000] [id=10156]
  0x0168d800 WatcherThread [stack: 0x0bb70000,0x0bbc0000] [id=8756]

VM state:not at safepoint (normal execution)

VM Mutex/Monitor currently owned by a thread: None

Heap
 def new generation   total 960K, used 273K [0x03740000, 0x03840000, 0x03c20000)
  eden space 896K,  30% used [0x03740000, 0x03784500, 0x03820000)
  from space 64K,   0% used [0x03820000, 0x03820000, 0x03830000)
  to   space 64K,   0% used [0x03830000, 0x03830000, 0x03840000)
 tenured generation   total 4096K, used 0K [0x03c20000, 0x04020000, 0x07740000)
   the space 4096K,   0% used [0x03c20000, 0x03c20000, 0x03c20200, 0x04020000)
 compacting perm gen  total 12288K, used 2181K [0x07740000, 0x08340000, 0x0b740000)
   the space 12288K,  17% used [0x07740000, 0x07961700, 0x07961800, 0x08340000)
No shared spaces configured.

Dynamic libraries:
0x00400000 - 0x00424000 	E:\software\jdk\jdk1.6u16\jdk\bin\javaw.exe
0x77030000 - 0x7716c000 	C:\Windows\SYSTEM32\ntdll.dll
0x76690000 - 0x76764000 	C:\Windows\system32\kernel32.dll
0x74f40000 - 0x74f8b000 	C:\Windows\system32\KERNELBASE.dll
0x76e20000 - 0x76ec0000 	C:\Windows\system32\ADVAPI32.dll
0x76b00000 - 0x76bac000 	C:\Windows\system32\msvcrt.dll
0x77170000 - 0x77189000 	C:\Windows\SYSTEM32\sechost.dll
0x76910000 - 0x769b1000 	C:\Windows\system32\RPCRT4.dll
0x765c0000 - 0x76689000 	C:\Windows\system32\USER32.dll
0x769c0000 - 0x76a0e000 	C:\Windows\system32\GDI32.dll
0x771d0000 - 0x771da000 	C:\Windows\system32\LPK.dll
0x76520000 - 0x765bd000 	C:\Windows\system32\USP10.dll
0x77190000 - 0x771af000 	C:\Windows\system32\IMM32.DLL
0x76bb0000 - 0x76c7c000 	C:\Windows\system32\MSCTF.dll
0x7c340000 - 0x7c396000 	E:\software\jdk\jdk1.6u16\jdk\jre\bin\msvcr71.dll
0x6d800000 - 0x6da8b000 	E:\software\jdk\jdk1.6u16\jdk\jre\bin\client\jvm.dll
0x74ff0000 - 0x75022000 	C:\Windows\system32\WINMM.dll
0x74d30000 - 0x74d7c000 	C:\Windows\system32\apphelp.dll
0x6d7b0000 - 0x6d7bc000 	E:\software\jdk\jdk1.6u16\jdk\jre\bin\verify.dll
0x6d330000 - 0x6d34f000 	E:\software\jdk\jdk1.6u16\jdk\jre\bin\java.dll
0x6d290000 - 0x6d298000 	E:\software\jdk\jdk1.6u16\jdk\jre\bin\hpi.dll
0x771b0000 - 0x771b5000 	C:\Windows\system32\PSAPI.DLL
0x6d380000 - 0x6d3a9000 	E:\software\jdk\jdk1.6u16\jdk\jre\bin\jdwp.dll
0x6d6a0000 - 0x6d6a6000 	E:\software\jdk\jdk1.6u16\jdk\jre\bin\npt.dll
0x6d7f0000 - 0x6d7ff000 	E:\software\jdk\jdk1.6u16\jdk\jre\bin\zip.dll
0x6d200000 - 0x6d207000 	E:\software\jdk\jdk1.6u16\jdk\jre\bin\dt_socket.dll
0x76de0000 - 0x76e15000 	C:\Windows\system32\WS2_32.dll
0x76aa0000 - 0x76aa6000 	C:\Windows\system32\NSI.dll
0x73900000 - 0x73910000 	C:\Windows\system32\NLAapi.dll
0x6f820000 - 0x6f830000 	C:\Windows\system32\napinsp.dll
0x6f7b0000 - 0x6f7c2000 	C:\Windows\system32\pnrpnsp.dll
0x74870000 - 0x748ac000 	C:\Windows\System32\mswsock.dll
0x74730000 - 0x74774000 	C:\Windows\system32\DNSAPI.dll
0x6f7a0000 - 0x6f7a8000 	C:\Windows\System32\winrnr.dll
0x6f790000 - 0x6f79d000 	C:\Windows\system32\wshbth.dll
0x72820000 - 0x7283c000 	C:\Windows\system32\IPHLPAPI.DLL
0x72800000 - 0x72807000 	C:\Windows\system32\WINNSI.DLL
0x725e0000 - 0x72618000 	C:\Windows\System32\fwpuclnt.dll
0x6f770000 - 0x6f776000 	C:\Windows\system32\rasadhlp.dll
0x74190000 - 0x74195000 	C:\Windows\System32\wshtcpip.dll
0x10000000 - 0x101a6000 	D:\workspaces\NLP\ICTCLAS2013\NLPIR_JNI.dll
0x72490000 - 0x72495000 	C:\Windows\system32\MSIMG32.dll
0x73980000 - 0x73b1e000 	C:\Windows\WinSxS\x86_microsoft.windows.common-controls_6595b64144ccf1df_6.0.7601.17514_none_41e6975e2bd6f2b2\COMCTL32.dll
0x751d0000 - 0x75227000 	C:\Windows\system32\SHLWAPI.dll
0x725a0000 - 0x725dc000 	C:\Windows\system32\OLEACC.dll
0x76c80000 - 0x76ddc000 	C:\Windows\system32\ole32.dll
0x73700000 - 0x73890000 	C:\Windows\WinSxS\x86_microsoft.windows.gdiplus_6595b64144ccf1df_1.1.7601.17825_none_72d273598668a06b\gdiplus.dll
0x73220000 - 0x73271000 	C:\Windows\system32\WINSPOOL.DRV
0x771e0000 - 0x7725b000 	C:\Windows\system32\COMDLG32.dll
0x756a0000 - 0x762ea000 	C:\Windows\system32\SHELL32.dll
0x76a10000 - 0x76a9f000 	C:\Windows\system32\OLEAUT32.dll
0x73940000 - 0x73980000 	C:\Windows\system32\UxTheme.dll
0x75050000 - 0x75063000 	C:\Windows\system32\dwmapi.dll

VM Arguments:
jvm_args: -agentlib:jdwp=transport=dt_socket,suspend=y,address=localhost:51786 -Dfile.encoding=GBK 
java_command: TestNLPIR
Launcher Type: SUN_STANDARD

Environment Variables:
JAVA_HOME=E:\software\jdk\jdk1.6u16\jdk
PATH=E:\software\jdk\jdk1.6u16\jdk\jre\bin;E:/software/jdk/jdk1.6u16/jdk/bin/../jre/bin/client;E:/software/jdk/jdk1.6u16/jdk/bin/../jre/bin;E:\software\jdk\jdk1.6u16\jdk\bin;D:\Oracle\product\10.1.0\Client_1\bin;D:\Oracle\product\10.1.0\Client_1\jre\1.4.2\bin\client;D:\Oracle\product\10.1.0\Client_1\jre\1.4.2\bin;D:\oracle\product\10.2.0\db_1\bin;D:\oracle\product\10.2.0\db_2\bin;C:\Windows\system32;C:\Windows;C:\Windows\System32\Wbem;C:\Windows\System32\WindowsPowerShell\v1.0\;C:\Program Files\Lenovo\Bluetooth Software\;C:\Program Files\Intel\WiFi\bin\;C:\Program Files\Common Files\Intel\WirelessCommon\;C:\Program Files\EgisTec BioExcess\;C:\Program Files\Microsoft SQL Server\90\Tools\binn\;C:\Program Files\Common Files\Thunder Network\KanKan\Codecs;E:\project\search\Programs\apache-ant-1.7.1\bin;E:\project\search\Programs\apache-maven-2.2.1\bin;C:\Program Files\Intel\OpenCL SDK\2.0\bin\x86;C:\Program Files\Intel\OpenCL SDK\2.0\bin\x86;D:\Program Files\TortoiseSVN\bin;C:\Program Files\Intel\WiFi\bin\;C:\Program Files\Common Files\Intel\WirelessCommon\;E:\software\jdk\jdk1.6u16\jdk\bin;D:\Program Files\Android\android-sdk;C:\Program Files\SSH Communications Security\SSH Secure Shell;E:\software\makeCAB\makeCAB;C:\Program Files\IDM Computer Solutions\UltraEdit\
USERNAME=NightRunner
OS=Windows_NT
PROCESSOR_IDENTIFIER=x86 Family 6 Model 42 Stepping 7, GenuineIntel



---------------  S Y S T E M  ---------------

OS: Windows 7 Build 7601 Service Pack 1

CPU:total 4 (8 cores per cpu, 2 threads per core) family 6 model 42 stepping 7, cmov, cx8, fxsr, mmx, sse, sse2, sse3, ssse3, sse4.1, sse4.2, ht

Memory: 4k page, physical 2097151k(790124k free), swap 4194303k(2014896k free)

vm_info: Java HotSpot(TM) Client VM (14.2-b01) for windows-x86 JRE (1.6.0_16-b01), built on Jul 31 2009 11:26:58 by "java_re" with MS VC++ 7.1

time: Mon May 27 16:23:29 2013
elapsed time: 12 seconds

